{
  "acknowledged" : true,
  "state" : {
    "version" : 8,
    "state_uuid" : "qaDw2rzRTO2h6WnzHeeS5w",
    "master_node" : "wJA8Wz4wRZ2nDnbl9JMk3g",
    "blocks" : { },
    "nodes" : {
      "wJA8Wz4wRZ2nDnbl9JMk3g" : {
        "name" : "claropoc945.clarochile.org",
        "ephemeral_id" : "BFnPIfCfRIqA_DXn7zL8Vw",
        "transport_address" : "10.38.97.29:9300",
        "attributes" : {
          "ml.machine_memory" : "8187617280",
          "ml.max_open_jobs" : "20",
          "ml.enabled" : "true"
        }
      }
    },
    "routing_table" : {
      "indices" : {
        ".monitoring-es-6-2018.01.09" : {
          "shards" : {
            "0" : [
              {
                "state" : "STARTED",
                "primary" : true,
                "node" : "wJA8Wz4wRZ2nDnbl9JMk3g",
                "relocating_node" : null,
                "shard" : 0,
                "index" : ".monitoring-es-6-2018.01.09",
                "allocation_id" : {
                  "id" : "CXY-XNVQRT2GrIBhXaLa3w"
                }
              },
              {
                "state" : "UNASSIGNED",
                "primary" : false,
                "node" : null,
                "relocating_node" : null,
                "shard" : 0,
                "index" : ".monitoring-es-6-2018.01.09",
                "recovery_source" : {
                  "type" : "PEER"
                },
                "unassigned_info" : {
                  "reason" : "CLUSTER_RECOVERED",
                  "at" : "2018-01-10T13:21:07.044Z",
                  "delayed" : false,
                  "allocation_status" : "no_attempt"
                }
              }
            ]
          }
        },
        ".monitoring-es-6-2018.01.10" : {
          "shards" : {
            "0" : [
              {
                "state" : "STARTED",
                "primary" : true,
                "node" : "wJA8Wz4wRZ2nDnbl9JMk3g",
                "relocating_node" : null,
                "shard" : 0,
                "index" : ".monitoring-es-6-2018.01.10",
                "allocation_id" : {
                  "id" : "btORSBF5Twav0OvQWYnYjg"
                }
              },
              {
                "state" : "UNASSIGNED",
                "primary" : false,
                "node" : null,
                "relocating_node" : null,
                "shard" : 0,
                "index" : ".monitoring-es-6-2018.01.10",
                "recovery_source" : {
                  "type" : "PEER"
                },
                "unassigned_info" : {
                  "reason" : "CLUSTER_RECOVERED",
                  "at" : "2018-01-10T13:21:07.044Z",
                  "delayed" : false,
                  "allocation_status" : "no_attempt"
                }
              }
            ]
          }
        },
        ".watcher-history-7-2018.01.10" : {
          "shards" : {
            "0" : [
              {
                "state" : "STARTED",
                "primary" : true,
                "node" : "wJA8Wz4wRZ2nDnbl9JMk3g",
                "relocating_node" : null,
                "shard" : 0,
                "index" : ".watcher-history-7-2018.01.10",
                "allocation_id" : {
                  "id" : "6WMYIgoTTEOPuBe54vFyOw"
                }
              },
              {
                "state" : "UNASSIGNED",
                "primary" : false,
                "node" : null,
                "relocating_node" : null,
                "shard" : 0,
                "index" : ".watcher-history-7-2018.01.10",
                "recovery_source" : {
                  "type" : "PEER"
                },
                "unassigned_info" : {
                  "reason" : "CLUSTER_RECOVERED",
                  "at" : "2018-01-10T13:21:07.044Z",
                  "delayed" : false,
                  "allocation_status" : "no_attempt"
                }
              }
            ]
          }
        },
        ".monitoring-alerts-6" : {
          "shards" : {
            "0" : [
              {
                "state" : "STARTED",
                "primary" : true,
                "node" : "wJA8Wz4wRZ2nDnbl9JMk3g",
                "relocating_node" : null,
                "shard" : 0,
                "index" : ".monitoring-alerts-6",
                "allocation_id" : {
                  "id" : "AxcM5OAiTPKG6AME2VNGog"
                }
              },
              {
                "state" : "UNASSIGNED",
                "primary" : false,
                "node" : null,
                "relocating_node" : null,
                "shard" : 0,
                "index" : ".monitoring-alerts-6",
                "recovery_source" : {
                  "type" : "PEER"
                },
                "unassigned_info" : {
                  "reason" : "CLUSTER_RECOVERED",
                  "at" : "2018-01-10T13:21:07.044Z",
                  "delayed" : false,
                  "allocation_status" : "no_attempt"
                }
              }
            ]
          }
        },
        ".monitoring-kibana-6-2018.01.10" : {
          "shards" : {
            "0" : [
              {
                "state" : "STARTED",
                "primary" : true,
                "node" : "wJA8Wz4wRZ2nDnbl9JMk3g",
                "relocating_node" : null,
                "shard" : 0,
                "index" : ".monitoring-kibana-6-2018.01.10",
                "allocation_id" : {
                  "id" : "BjZIcC2kQnmgSUhO24QNCQ"
                }
              },
              {
                "state" : "UNASSIGNED",
                "primary" : false,
                "node" : null,
                "relocating_node" : null,
                "shard" : 0,
                "index" : ".monitoring-kibana-6-2018.01.10",
                "recovery_source" : {
                  "type" : "PEER"
                },
                "unassigned_info" : {
                  "reason" : "CLUSTER_RECOVERED",
                  "at" : "2018-01-10T13:21:07.038Z",
                  "delayed" : false,
                  "allocation_status" : "no_attempt"
                }
              }
            ]
          }
        },
        ".watcher-history-7-2018.01.09" : {
          "shards" : {
            "0" : [
              {
                "state" : "STARTED",
                "primary" : true,
                "node" : "wJA8Wz4wRZ2nDnbl9JMk3g",
                "relocating_node" : null,
                "shard" : 0,
                "index" : ".watcher-history-7-2018.01.09",
                "allocation_id" : {
                  "id" : "Sb3zyD2mRhiXm6J0s1FEUg"
                }
              },
              {
                "state" : "UNASSIGNED",
                "primary" : false,
                "node" : null,
                "relocating_node" : null,
                "shard" : 0,
                "index" : ".watcher-history-7-2018.01.09",
                "recovery_source" : {
                  "type" : "PEER"
                },
                "unassigned_info" : {
                  "reason" : "CLUSTER_RECOVERED",
                  "at" : "2018-01-10T13:21:07.044Z",
                  "delayed" : false,
                  "allocation_status" : "no_attempt"
                }
              }
            ]
          }
        },
        ".security-6" : {
          "shards" : {
            "0" : [
              {
                "state" : "STARTED",
                "primary" : true,
                "node" : "wJA8Wz4wRZ2nDnbl9JMk3g",
                "relocating_node" : null,
                "shard" : 0,
                "index" : ".security-6",
                "allocation_id" : {
                  "id" : "JUJh6htzQ3qIG1RX9T3zdw"
                }
              }
            ]
          }
        },
        ".kibana" : {
          "shards" : {
            "0" : [
              {
                "state" : "STARTED",
                "primary" : true,
                "node" : "wJA8Wz4wRZ2nDnbl9JMk3g",
                "relocating_node" : null,
                "shard" : 0,
                "index" : ".kibana",
                "allocation_id" : {
                  "id" : "Uqqn0z9YT2KIZ3ziUa3CWg"
                }
              },
              {
                "state" : "UNASSIGNED",
                "primary" : false,
                "node" : null,
                "relocating_node" : null,
                "shard" : 0,
                "index" : ".kibana",
                "recovery_source" : {
                  "type" : "PEER"
                },
                "unassigned_info" : {
                  "reason" : "CLUSTER_RECOVERED",
                  "at" : "2018-01-10T13:21:07.044Z",
                  "delayed" : false,
                  "allocation_status" : "no_attempt"
                }
              }
            ]
          }
        },
        ".watches" : {
          "shards" : {
            "0" : [
              {
                "state" : "STARTED",
                "primary" : true,
                "node" : "wJA8Wz4wRZ2nDnbl9JMk3g",
                "relocating_node" : null,
                "shard" : 0,
                "index" : ".watches",
                "allocation_id" : {
                  "id" : "ZbpVRG2ETAux2kaC0Fdi7A"
                }
              },
              {
                "state" : "UNASSIGNED",
                "primary" : false,
                "node" : null,
                "relocating_node" : null,
                "shard" : 0,
                "index" : ".watches",
                "recovery_source" : {
                  "type" : "PEER"
                },
                "unassigned_info" : {
                  "reason" : "CLUSTER_RECOVERED",
                  "at" : "2018-01-10T13:21:07.044Z",
                  "delayed" : false,
                  "allocation_status" : "no_attempt"
                }
              }
            ]
          }
        },
        ".triggered_watches" : {
          "shards" : {
            "0" : [
              {
                "state" : "STARTED",
                "primary" : true,
                "node" : "wJA8Wz4wRZ2nDnbl9JMk3g",
                "relocating_node" : null,
                "shard" : 0,
                "index" : ".triggered_watches",
                "allocation_id" : {
                  "id" : "i5XlO1Z3T3-WPv17gSdmZw"
                }
              },
              {
                "state" : "UNASSIGNED",
                "primary" : false,
                "node" : null,
                "relocating_node" : null,
                "shard" : 0,
                "index" : ".triggered_watches",
                "recovery_source" : {
                  "type" : "PEER"
                },
                "unassigned_info" : {
                  "reason" : "CLUSTER_RECOVERED",
                  "at" : "2018-01-10T13:21:07.044Z",
                  "delayed" : false,
                  "allocation_status" : "no_attempt"
                }
              }
            ]
          }
        },
        ".monitoring-kibana-6-2018.01.09" : {
          "shards" : {
            "0" : [
              {
                "state" : "STARTED",
                "primary" : true,
                "node" : "wJA8Wz4wRZ2nDnbl9JMk3g",
                "relocating_node" : null,
                "shard" : 0,
                "index" : ".monitoring-kibana-6-2018.01.09",
                "allocation_id" : {
                  "id" : "iukZvDVuQAaxYxQbbhI1xA"
                }
              },
              {
                "state" : "UNASSIGNED",
                "primary" : false,
                "node" : null,
                "relocating_node" : null,
                "shard" : 0,
                "index" : ".monitoring-kibana-6-2018.01.09",
                "recovery_source" : {
                  "type" : "PEER"
                },
                "unassigned_info" : {
                  "reason" : "CLUSTER_RECOVERED",
                  "at" : "2018-01-10T13:21:07.044Z",
                  "delayed" : false,
                  "allocation_status" : "no_attempt"
                }
              }
            ]
          }
        }
      }
    },
    "routing_nodes" : {
      "unassigned" : [
        {
          "state" : "UNASSIGNED",
          "primary" : false,
          "node" : null,
          "relocating_node" : null,
          "shard" : 0,
          "index" : ".monitoring-es-6-2018.01.09",
          "recovery_source" : {
            "type" : "PEER"
          },
          "unassigned_info" : {
            "reason" : "CLUSTER_RECOVERED",
            "at" : "2018-01-10T13:21:07.044Z",
            "delayed" : false,
            "allocation_status" : "no_attempt"
          }
        },
        {
          "state" : "UNASSIGNED",
          "primary" : false,
          "node" : null,
          "relocating_node" : null,
          "shard" : 0,
          "index" : ".monitoring-es-6-2018.01.10",
          "recovery_source" : {
            "type" : "PEER"
          },
          "unassigned_info" : {
            "reason" : "CLUSTER_RECOVERED",
            "at" : "2018-01-10T13:21:07.044Z",
            "delayed" : false,
            "allocation_status" : "no_attempt"
          }
        },
        {
          "state" : "UNASSIGNED",
          "primary" : false,
          "node" : null,
          "relocating_node" : null,
          "shard" : 0,
          "index" : ".watcher-history-7-2018.01.10",
          "recovery_source" : {
            "type" : "PEER"
          },
          "unassigned_info" : {
            "reason" : "CLUSTER_RECOVERED",
            "at" : "2018-01-10T13:21:07.044Z",
            "delayed" : false,
            "allocation_status" : "no_attempt"
          }
        },
        {
          "state" : "UNASSIGNED",
          "primary" : false,
          "node" : null,
          "relocating_node" : null,
          "shard" : 0,
          "index" : ".monitoring-alerts-6",
          "recovery_source" : {
            "type" : "PEER"
          },
          "unassigned_info" : {
            "reason" : "CLUSTER_RECOVERED",
            "at" : "2018-01-10T13:21:07.044Z",
            "delayed" : false,
            "allocation_status" : "no_attempt"
          }
        },
        {
          "state" : "UNASSIGNED",
          "primary" : false,
          "node" : null,
          "relocating_node" : null,
          "shard" : 0,
          "index" : ".monitoring-kibana-6-2018.01.10",
          "recovery_source" : {
            "type" : "PEER"
          },
          "unassigned_info" : {
            "reason" : "CLUSTER_RECOVERED",
            "at" : "2018-01-10T13:21:07.038Z",
            "delayed" : false,
            "allocation_status" : "no_attempt"
          }
        },
        {
          "state" : "UNASSIGNED",
          "primary" : false,
          "node" : null,
          "relocating_node" : null,
          "shard" : 0,
          "index" : ".watcher-history-7-2018.01.09",
          "recovery_source" : {
            "type" : "PEER"
          },
          "unassigned_info" : {
            "reason" : "CLUSTER_RECOVERED",
            "at" : "2018-01-10T13:21:07.044Z",
            "delayed" : false,
            "allocation_status" : "no_attempt"
          }
        },
        {
          "state" : "UNASSIGNED",
          "primary" : false,
          "node" : null,
          "relocating_node" : null,
          "shard" : 0,
          "index" : ".kibana",
          "recovery_source" : {
            "type" : "PEER"
          },
          "unassigned_info" : {
            "reason" : "CLUSTER_RECOVERED",
            "at" : "2018-01-10T13:21:07.044Z",
            "delayed" : false,
            "allocation_status" : "no_attempt"
          }
        },
        {
          "state" : "UNASSIGNED",
          "primary" : false,
          "node" : null,
          "relocating_node" : null,
          "shard" : 0,
          "index" : ".watches",
          "recovery_source" : {
            "type" : "PEER"
          },
          "unassigned_info" : {
            "reason" : "CLUSTER_RECOVERED",
            "at" : "2018-01-10T13:21:07.044Z",
            "delayed" : false,
            "allocation_status" : "no_attempt"
          }
        },
        {
          "state" : "UNASSIGNED",
          "primary" : false,
          "node" : null,
          "relocating_node" : null,
          "shard" : 0,
          "index" : ".triggered_watches",
          "recovery_source" : {
            "type" : "PEER"
          },
          "unassigned_info" : {
            "reason" : "CLUSTER_RECOVERED",
            "at" : "2018-01-10T13:21:07.044Z",
            "delayed" : false,
            "allocation_status" : "no_attempt"
          }
        },
        {
          "state" : "UNASSIGNED",
          "primary" : false,
          "node" : null,
          "relocating_node" : null,
          "shard" : 0,
          "index" : ".monitoring-kibana-6-2018.01.09",
          "recovery_source" : {
            "type" : "PEER"
          },
          "unassigned_info" : {
            "reason" : "CLUSTER_RECOVERED",
            "at" : "2018-01-10T13:21:07.044Z",
            "delayed" : false,
            "allocation_status" : "no_attempt"
          }
        }
      ],
      "nodes" : {
        "wJA8Wz4wRZ2nDnbl9JMk3g" : [
          {
            "state" : "STARTED",
            "primary" : true,
            "node" : "wJA8Wz4wRZ2nDnbl9JMk3g",
            "relocating_node" : null,
            "shard" : 0,
            "index" : ".monitoring-es-6-2018.01.09",
            "allocation_id" : {
              "id" : "CXY-XNVQRT2GrIBhXaLa3w"
            }
          },
          {
            "state" : "STARTED",
            "primary" : true,
            "node" : "wJA8Wz4wRZ2nDnbl9JMk3g",
            "relocating_node" : null,
            "shard" : 0,
            "index" : ".monitoring-es-6-2018.01.10",
            "allocation_id" : {
              "id" : "btORSBF5Twav0OvQWYnYjg"
            }
          },
          {
            "state" : "STARTED",
            "primary" : true,
            "node" : "wJA8Wz4wRZ2nDnbl9JMk3g",
            "relocating_node" : null,
            "shard" : 0,
            "index" : ".watcher-history-7-2018.01.10",
            "allocation_id" : {
              "id" : "6WMYIgoTTEOPuBe54vFyOw"
            }
          },
          {
            "state" : "STARTED",
            "primary" : true,
            "node" : "wJA8Wz4wRZ2nDnbl9JMk3g",
            "relocating_node" : null,
            "shard" : 0,
            "index" : ".monitoring-alerts-6",
            "allocation_id" : {
              "id" : "AxcM5OAiTPKG6AME2VNGog"
            }
          },
          {
            "state" : "STARTED",
            "primary" : true,
            "node" : "wJA8Wz4wRZ2nDnbl9JMk3g",
            "relocating_node" : null,
            "shard" : 0,
            "index" : ".monitoring-kibana-6-2018.01.10",
            "allocation_id" : {
              "id" : "BjZIcC2kQnmgSUhO24QNCQ"
            }
          },
          {
            "state" : "STARTED",
            "primary" : true,
            "node" : "wJA8Wz4wRZ2nDnbl9JMk3g",
            "relocating_node" : null,
            "shard" : 0,
            "index" : ".watcher-history-7-2018.01.09",
            "allocation_id" : {
              "id" : "Sb3zyD2mRhiXm6J0s1FEUg"
            }
          },
          {
            "state" : "STARTED",
            "primary" : true,
            "node" : "wJA8Wz4wRZ2nDnbl9JMk3g",
            "relocating_node" : null,
            "shard" : 0,
            "index" : ".security-6",
            "allocation_id" : {
              "id" : "JUJh6htzQ3qIG1RX9T3zdw"
            }
          },
          {
            "state" : "STARTED",
            "primary" : true,
            "node" : "wJA8Wz4wRZ2nDnbl9JMk3g",
            "relocating_node" : null,
            "shard" : 0,
            "index" : ".kibana",
            "allocation_id" : {
              "id" : "Uqqn0z9YT2KIZ3ziUa3CWg"
            }
          },
          {
            "state" : "STARTED",
            "primary" : true,
            "node" : "wJA8Wz4wRZ2nDnbl9JMk3g",
            "relocating_node" : null,
            "shard" : 0,
            "index" : ".watches",
            "allocation_id" : {
              "id" : "ZbpVRG2ETAux2kaC0Fdi7A"
            }
          },
          {
            "state" : "STARTED",
            "primary" : true,
            "node" : "wJA8Wz4wRZ2nDnbl9JMk3g",
            "relocating_node" : null,
            "shard" : 0,
            "index" : ".triggered_watches",
            "allocation_id" : {
              "id" : "i5XlO1Z3T3-WPv17gSdmZw"
            }
          },
          {
            "state" : "STARTED",
            "primary" : true,
            "node" : "wJA8Wz4wRZ2nDnbl9JMk3g",
            "relocating_node" : null,
            "shard" : 0,
            "index" : ".monitoring-kibana-6-2018.01.09",
            "allocation_id" : {
              "id" : "iukZvDVuQAaxYxQbbhI1xA"
            }
          }
        ]
      }
    },
    "restore" : {
      "snapshots" : [ ]
    },
    "snapshots" : {
      "snapshots" : [ ]
    },
    "snapshot_deletions" : {
      "snapshot_deletions" : [ ]
    },
    "security_tokens" : { }
  }
}
